2025-09-01T16:37:53: 
> upstream-nextjs@0.1.0 start
> next start

2025-09-01T16:37:53: 2025-09-01T16:37:53: 2025-09-01T16:37:53: 2025-09-01T16:37:54: 
> upstream-nextjs@0.1.0 start
> next start

2025-09-01T16:37:54: 2025-09-01T16:37:54: 2025-09-01T16:37:54: 2025-09-01T16:37:54: 
> upstream-nextjs@0.1.0 start
> next start

2025-09-01T16:37:55: 2025-09-01T16:37:55: 2025-09-01T16:37:55: 2025-09-01T16:37:55: 
> upstream-nextjs@0.1.0 start
> next start

2025-09-01T16:37:55: 2025-09-01T16:37:55: 2025-09-01T16:37:55: 2025-09-01T16:37:56: 
> upstream-nextjs@0.1.0 start
> next start

2025-09-01T16:37:56: 2025-09-01T16:37:56: 2025-09-01T16:37:57: 
> upstream-nextjs@0.1.0 start
> next start

2025-09-01T16:37:57: 2025-09-01T16:37:57: 2025-09-01T16:37:57: 2025-09-01T16:37:57: 
> upstream-nextjs@0.1.0 start
> next start

2025-09-01T16:37:58: 2025-09-01T16:37:58: 2025-09-01T16:37:58: 2025-09-01T16:37:58: 
> upstream-nextjs@0.1.0 start
> next start

2025-09-01T16:37:59: 2025-09-01T16:37:59: 2025-09-01T16:37:59: 2025-09-01T16:37:59: 
> upstream-nextjs@0.1.0 start
> next start

2025-09-01T16:37:59: 2025-09-01T16:37:59: 2025-09-01T16:37:59: 2025-09-01T16:38:00: 
> upstream-nextjs@0.1.0 start
> next start

2025-09-01T16:38:00: 2025-09-01T16:38:00: 2025-09-01T16:38:00: 2025-09-01T16:38:00: 
> upstream-nextjs@0.1.0 start
> next start

2025-09-01T16:38:01: 2025-09-01T16:38:01: 2025-09-01T16:38:01: 2025-09-01T16:38:01: 
> upstream-nextjs@0.1.0 start
> next start

2025-09-01T16:38:02: 2025-09-01T16:38:02: 2025-09-01T16:38:02: 2025-09-01T16:38:02: 
> upstream-nextjs@0.1.0 start
> next start

2025-09-01T16:38:02: 2025-09-01T16:38:02: 2025-09-01T16:38:02: 2025-09-01T16:38:03: 
> upstream-nextjs@0.1.0 start
> next start

2025-09-01T16:38:03: 2025-09-01T16:38:03: 2025-09-01T16:38:03: 2025-09-01T16:38:03: 
> upstream-nextjs@0.1.0 start
> next start

2025-09-01T16:38:04: 2025-09-01T16:38:04: 2025-09-01T16:38:04: 2025-09-01T16:38:04: 
> upstream-nextjs@0.1.0 start
> next start

2025-09-01T16:38:05: 2025-09-01T16:38:05: 2025-09-01T16:38:05: 2025-09-01T16:41:24: 
> upstream-nextjs@0.1.0 start
> next start

2025-09-01T16:41:25: 2025-09-01T16:41:25: 2025-09-01T16:41:25: 2025-09-01T16:41:25: 
> upstream-nextjs@0.1.0 start
> next start

2025-09-01T16:41:26: 2025-09-01T16:41:26: 2025-09-01T16:41:26: 2025-09-01T16:41:26: 
> upstream-nextjs@0.1.0 start
> next start

2025-09-01T16:41:26: 2025-09-01T16:41:26: 2025-09-01T16:41:26: 2025-09-01T16:41:27: 
> upstream-nextjs@0.1.0 start
> next start

2025-09-01T16:41:27: 2025-09-01T16:41:27: 2025-09-01T16:41:27: 2025-09-01T16:41:27: 
> upstream-nextjs@0.1.0 start
> next start

2025-09-01T16:41:28: 2025-09-01T16:41:28: 2025-09-01T16:41:28: 2025-09-01T16:41:28: 
> upstream-nextjs@0.1.0 start
> next start

2025-09-01T16:41:29: 2025-09-01T16:41:29: 2025-09-01T16:41:29: 
> upstream-nextjs@0.1.0 start
> next start

2025-09-01T16:41:29: 2025-09-01T16:41:29: 2025-09-01T16:41:29: 2025-09-01T16:41:30: 
> upstream-nextjs@0.1.0 start
> next start

2025-09-01T16:41:30: 2025-09-01T16:41:30: 2025-09-01T16:41:30: 2025-09-01T16:41:31: 
> upstream-nextjs@0.1.0 start
> next start

2025-09-01T16:41:31: 2025-09-01T16:41:31: 2025-09-01T16:41:31: 2025-09-01T16:41:31: 
> upstream-nextjs@0.1.0 start
> next start

2025-09-01T16:41:32: 2025-09-01T16:41:32: 2025-09-01T16:41:32: 2025-09-01T16:41:32: 
> upstream-nextjs@0.1.0 start
> next start

2025-09-01T16:41:33: 2025-09-01T16:41:33: 2025-09-01T16:41:33: 2025-09-01T16:41:33: 
> upstream-nextjs@0.1.0 start
> next start

2025-09-01T16:41:33: 2025-09-01T16:41:33: 2025-09-01T16:41:33: 2025-09-01T16:41:34: 
> upstream-nextjs@0.1.0 start
> next start

2025-09-01T16:41:34: 2025-09-01T16:41:34: 2025-09-01T16:41:34: 2025-09-01T16:41:35: 
> upstream-nextjs@0.1.0 start
> next start

2025-09-01T16:41:35: 2025-09-01T16:41:35: 2025-09-01T16:41:35: 2025-09-01T16:41:35: 
> upstream-nextjs@0.1.0 start
> next start

2025-09-01T16:41:36: 2025-09-01T16:41:36: 2025-09-01T16:41:36: 
> upstream-nextjs@0.1.0 start
> next start

2025-09-01T16:41:37: 2025-09-01T16:41:37: 2025-09-01T16:41:37: 