2025-09-01T16:27:35: 
> upstream-nextjs@0.1.0 start
> next start

2025-09-01T16:27:36: 2025-09-01T16:27:36: 2025-09-01T16:27:36: 2025-09-01T16:27:36: 
> upstream-nextjs@0.1.0 start
> next start

2025-09-01T16:27:36: 2025-09-01T16:27:36: 2025-09-01T16:27:36: 2025-09-01T16:27:37: 
> upstream-nextjs@0.1.0 start
> next start

2025-09-01T16:27:37: 2025-09-01T16:27:37: 2025-09-01T16:27:37: 
> upstream-nextjs@0.1.0 start
> next start

2025-09-01T16:27:38: 2025-09-01T16:27:38: 2025-09-01T16:27:38: 2025-09-01T16:27:38: 
> upstream-nextjs@0.1.0 start
> next start

2025-09-01T16:27:39: 2025-09-01T16:27:39: 2025-09-01T16:27:39: 2025-09-01T16:27:39: 
> upstream-nextjs@0.1.0 start
> next start

2025-09-01T16:27:39: 2025-09-01T16:27:39: 2025-09-01T16:27:39: 2025-09-01T16:27:40: 
> upstream-nextjs@0.1.0 start
> next start

2025-09-01T16:27:40: 2025-09-01T16:27:40: 2025-09-01T16:27:40: 2025-09-01T16:27:41: 
> upstream-nextjs@0.1.0 start
> next start

2025-09-01T16:27:41: 2025-09-01T16:27:41: 2025-09-01T16:27:41: 2025-09-01T16:27:41: 
> upstream-nextjs@0.1.0 start
> next start

2025-09-01T16:27:42: 2025-09-01T16:27:42: 2025-09-01T16:27:42: 2025-09-01T16:27:42: 
> upstream-nextjs@0.1.0 start
> next start

2025-09-01T16:27:43: 2025-09-01T16:27:43: 2025-09-01T16:27:43: 2025-09-01T16:27:43: 
> upstream-nextjs@0.1.0 start
> next start

2025-09-01T16:27:43: 2025-09-01T16:27:43: 2025-09-01T16:27:43: 2025-09-01T16:27:44: 
> upstream-nextjs@0.1.0 start
> next start

2025-09-01T16:27:44: 2025-09-01T16:27:44: 2025-09-01T16:27:45: 
> upstream-nextjs@0.1.0 start
> next start

2025-09-01T16:27:45: 2025-09-01T16:27:45: 2025-09-01T16:27:45: 2025-09-01T16:27:45: 
> upstream-nextjs@0.1.0 start
> next start

2025-09-01T16:27:46: 2025-09-01T16:27:46: 2025-09-01T16:27:46: 2025-09-01T16:27:46: 
> upstream-nextjs@0.1.0 start
> next start

2025-09-01T16:27:46: 2025-09-01T16:27:46: 2025-09-01T16:27:46: 2025-09-01T16:27:47: 
> upstream-nextjs@0.1.0 start
> next start

2025-09-01T16:27:47: 2025-09-01T16:27:47: 2025-09-01T16:27:47: 2025-09-01T16:28:49: 
> upstream-nextjs@0.1.0 start
> next start

2025-09-01T16:28:49: 2025-09-01T16:28:49: 2025-09-01T16:28:49: 2025-09-01T16:28:50: 
> upstream-nextjs@0.1.0 start
> next start

2025-09-01T16:28:50: 2025-09-01T16:28:50: 2025-09-01T16:28:50: 2025-09-01T16:28:50: 
> upstream-nextjs@0.1.0 start
> next start

2025-09-01T16:28:51: 2025-09-01T16:28:51: 2025-09-01T16:28:51: 2025-09-01T16:28:51: 
> upstream-nextjs@0.1.0 start
> next start

2025-09-01T16:28:52: 2025-09-01T16:28:52: 2025-09-01T16:28:52: 2025-09-01T16:28:52: 
> upstream-nextjs@0.1.0 start
> next start

2025-09-01T16:28:53: 2025-09-01T16:28:53: 2025-09-01T16:28:53: 2025-09-01T16:28:53: 
> upstream-nextjs@0.1.0 start
> next start

2025-09-01T16:28:53: 2025-09-01T16:28:53: 2025-09-01T16:28:53: 2025-09-01T16:28:54: 
> upstream-nextjs@0.1.0 start
> next start

2025-09-01T16:28:54: 2025-09-01T16:28:54: 2025-09-01T16:28:54: 2025-09-01T16:28:54: 
> upstream-nextjs@0.1.0 start
> next start

2025-09-01T16:28:55: 2025-09-01T16:28:55: 2025-09-01T16:28:55: 2025-09-01T16:28:55: 
> upstream-nextjs@0.1.0 start
> next start

2025-09-01T16:28:56: 2025-09-01T16:28:56: 2025-09-01T16:28:56: 2025-09-01T16:28:56: 
> upstream-nextjs@0.1.0 start
> next start

2025-09-01T16:28:56: 2025-09-01T16:28:56: 2025-09-01T16:28:56: 2025-09-01T16:28:57: 
> upstream-nextjs@0.1.0 start
> next start

2025-09-01T16:28:57: 2025-09-01T16:28:57: 2025-09-01T16:28:57: 2025-09-01T16:28:57: 
> upstream-nextjs@0.1.0 start
> next start

2025-09-01T16:28:58: 2025-09-01T16:28:58: 2025-09-01T16:28:58: 2025-09-01T16:28:58: 
> upstream-nextjs@0.1.0 start
> next start

2025-09-01T16:28:59: 2025-09-01T16:28:59: 2025-09-01T16:28:59: 2025-09-01T16:28:59: 
> upstream-nextjs@0.1.0 start
> next start

2025-09-01T16:28:59: 2025-09-01T16:28:59: 2025-09-01T16:28:59: 2025-09-01T16:29:00: 
> upstream-nextjs@0.1.0 start
> next start

2025-09-01T16:29:00: 2025-09-01T16:29:00: 2025-09-01T16:29:00: 2025-09-01T16:29:01: 
> upstream-nextjs@0.1.0 start
> next start

2025-09-01T16:29:01: 2025-09-01T16:29:01: 2025-09-01T16:29:01: 2025-09-01T16:30:32: 
> upstream-nextjs@0.1.0 start
> next start

2025-09-01T16:30:32: 2025-09-01T16:30:32: 2025-09-01T16:30:32: 2025-09-01T16:30:32: 
> upstream-nextjs@0.1.0 start
> next start

2025-09-01T16:30:33: 2025-09-01T16:30:33: 2025-09-01T16:30:33: 2025-09-01T16:30:33: 
> upstream-nextjs@0.1.0 start
> next start

2025-09-01T16:30:34: 2025-09-01T16:30:34: 2025-09-01T16:30:34: 2025-09-01T16:30:34: 
> upstream-nextjs@0.1.0 start
> next start

2025-09-01T16:30:34: 2025-09-01T16:30:34: 2025-09-01T16:30:34: 2025-09-01T16:30:35: 
> upstream-nextjs@0.1.0 start
> next start

2025-09-01T16:30:35: 2025-09-01T16:30:35: 2025-09-01T16:30:35: 2025-09-01T16:30:36: 
> upstream-nextjs@0.1.0 start
> next start

2025-09-01T16:30:36: 2025-09-01T16:30:36: 2025-09-01T16:30:36: 2025-09-01T16:30:36: 
> upstream-nextjs@0.1.0 start
> next start

2025-09-01T16:30:37: 2025-09-01T16:30:37: 2025-09-01T16:30:37: 
> upstream-nextjs@0.1.0 start
> next start

2025-09-01T16:30:38: 2025-09-01T16:30:38: 2025-09-01T16:30:38: 2025-09-01T16:30:38: 
> upstream-nextjs@0.1.0 start
> next start

2025-09-01T16:30:38: 2025-09-01T16:30:38: 2025-09-01T16:30:38: 2025-09-01T16:30:39: 
> upstream-nextjs@0.1.0 start
> next start

2025-09-01T16:30:39: 2025-09-01T16:30:39: 2025-09-01T16:30:39: 2025-09-01T16:30:40: 
> upstream-nextjs@0.1.0 start
> next start

2025-09-01T16:30:40: 2025-09-01T16:30:40: 2025-09-01T16:30:40: 2025-09-01T16:30:40: 
> upstream-nextjs@0.1.0 start
> next start

2025-09-01T16:30:41: 2025-09-01T16:30:41: 2025-09-01T16:30:41: 2025-09-01T16:30:41: 
> upstream-nextjs@0.1.0 start
> next start

2025-09-01T16:30:42: 2025-09-01T16:30:42: 2025-09-01T16:30:42: 2025-09-01T16:30:42: 
> upstream-nextjs@0.1.0 start
> next start

2025-09-01T16:30:42: 2025-09-01T16:30:42: 2025-09-01T16:30:42: 2025-09-01T16:30:43: 
> upstream-nextjs@0.1.0 start
> next start

2025-09-01T16:30:43: 2025-09-01T16:30:43: 2025-09-01T16:30:43: 2025-09-01T16:30:43: 
> upstream-nextjs@0.1.0 start
> next start

2025-09-01T16:30:44: 2025-09-01T16:30:44: 2025-09-01T16:30:44: 2025-09-01T16:34:58: 
> upstream-nextjs@0.1.0 start
> next start

2025-09-01T16:34:58: 2025-09-01T16:34:58: 2025-09-01T16:34:58: 2025-09-01T16:34:58: 
> upstream-nextjs@0.1.0 start
> next start

2025-09-01T16:34:59: 2025-09-01T16:34:59: 2025-09-01T16:34:59: 2025-09-01T16:34:59: 
> upstream-nextjs@0.1.0 start
> next start

2025-09-01T16:35:00: 2025-09-01T16:35:00: 2025-09-01T16:35:00: 2025-09-01T16:35:00: 
> upstream-nextjs@0.1.0 start
> next start

2025-09-01T16:35:00: 2025-09-01T16:35:00: 2025-09-01T16:35:00: 2025-09-01T16:35:01: 
> upstream-nextjs@0.1.0 start
> next start

2025-09-01T16:35:01: 2025-09-01T16:35:01: 2025-09-01T16:35:01: 2025-09-01T16:35:02: 
> upstream-nextjs@0.1.0 start
> next start

2025-09-01T16:35:02: 2025-09-01T16:35:02: 2025-09-01T16:35:02: 2025-09-01T16:35:02: 
> upstream-nextjs@0.1.0 start
> next start

2025-09-01T16:35:03: 2025-09-01T16:35:03: 2025-09-01T16:35:03: 2025-09-01T16:35:03: 
> upstream-nextjs@0.1.0 start
> next start

2025-09-01T16:35:04: 2025-09-01T16:35:04: 2025-09-01T16:35:04: 2025-09-01T16:35:04: 
> upstream-nextjs@0.1.0 start
> next start

2025-09-01T16:35:04: 2025-09-01T16:35:04: 2025-09-01T16:35:04: 2025-09-01T16:35:05: 
> upstream-nextjs@0.1.0 start
> next start

2025-09-01T16:35:05: 2025-09-01T16:35:05: 2025-09-01T16:35:05: 2025-09-01T16:35:06: 
> upstream-nextjs@0.1.0 start
> next start

2025-09-01T16:35:06: 2025-09-01T16:35:06: 2025-09-01T16:35:06: 2025-09-01T16:35:06: 
> upstream-nextjs@0.1.0 start
> next start

2025-09-01T16:35:07: 2025-09-01T16:35:07: 2025-09-01T16:35:07: 2025-09-01T16:35:07: 
> upstream-nextjs@0.1.0 start
> next start

2025-09-01T16:35:08: 2025-09-01T16:35:08: 2025-09-01T16:35:08: 2025-09-01T16:35:08: 
> upstream-nextjs@0.1.0 start
> next start

2025-09-01T16:35:09: 2025-09-01T16:35:09: 2025-09-01T16:35:09: 2025-09-01T16:35:09: 
> upstream-nextjs@0.1.0 start
> next start

2025-09-01T16:35:09: 2025-09-01T16:35:09: 2025-09-01T16:35:09: 2025-09-01T16:35:10: 
> upstream-nextjs@0.1.0 start
> next start

2025-09-01T16:35:10: 2025-09-01T16:35:10: 2025-09-01T16:35:10: 2025-09-01T16:36:08: 
> upstream-nextjs@0.1.0 start
> next start

2025-09-01T16:36:08: 2025-09-01T16:36:08: 2025-09-01T16:36:08: 2025-09-01T16:36:09: 
> upstream-nextjs@0.1.0 start
> next start

2025-09-01T16:36:09: 2025-09-01T16:36:09: 2025-09-01T16:36:09: 
> upstream-nextjs@0.1.0 start
> next start

2025-09-01T16:36:10: 2025-09-01T16:36:10: 2025-09-01T16:36:10: 2025-09-01T16:36:10: 
> upstream-nextjs@0.1.0 start
> next start

2025-09-01T16:36:11: 2025-09-01T16:36:11: 2025-09-01T16:36:11: 2025-09-01T16:36:11: 
> upstream-nextjs@0.1.0 start
> next start

2025-09-01T16:36:11: 2025-09-01T16:36:11: 2025-09-01T16:36:11: 2025-09-01T16:36:12: 
> upstream-nextjs@0.1.0 start
> next start

2025-09-01T16:36:12: 2025-09-01T16:36:12: 2025-09-01T16:36:12: 2025-09-01T16:36:13: 
> upstream-nextjs@0.1.0 start
> next start

2025-09-01T16:36:13: 2025-09-01T16:36:13: 2025-09-01T16:36:13: 2025-09-01T16:36:13: 
> upstream-nextjs@0.1.0 start
> next start

2025-09-01T16:36:14: 2025-09-01T16:36:14: 2025-09-01T16:36:14: 2025-09-01T16:36:14: 
> upstream-nextjs@0.1.0 start
> next start

2025-09-01T16:36:15: 2025-09-01T16:36:15: 2025-09-01T16:36:15: 2025-09-01T16:36:15: 
> upstream-nextjs@0.1.0 start
> next start

2025-09-01T16:36:15: 2025-09-01T16:36:15: 2025-09-01T16:36:15: 2025-09-01T16:36:16: 
> upstream-nextjs@0.1.0 start
> next start

2025-09-01T16:36:16: 2025-09-01T16:36:16: 2025-09-01T16:36:16: 2025-09-01T16:36:17: 
> upstream-nextjs@0.1.0 start
> next start

2025-09-01T16:36:17: 2025-09-01T16:36:17: 2025-09-01T16:36:17: 2025-09-01T16:36:17: 
> upstream-nextjs@0.1.0 start
> next start

2025-09-01T16:36:18: 2025-09-01T16:36:18: 2025-09-01T16:36:18: 2025-09-01T16:36:18: 
> upstream-nextjs@0.1.0 start
> next start

2025-09-01T16:36:19: 2025-09-01T16:36:19: 2025-09-01T16:36:19: 
> upstream-nextjs@0.1.0 start
> next start

2025-09-01T16:36:19: 2025-09-01T16:36:19: 2025-09-01T16:36:19: 2025-09-01T16:36:20: 
> upstream-nextjs@0.1.0 start
> next start

2025-09-01T16:36:20: 2025-09-01T16:36:20: 2025-09-01T16:36:20: 