2025-09-01T16:42:22: 
> upstream-nextjs@0.1.0 start
> next start

2025-09-01T16:42:36: 2025-09-01T16:42:36: 2025-09-01T16:42:36: 2025-09-01T16:43:52: 
> upstream-nextjs@0.1.0 start
> next start

2025-09-01T16:47:21: 2025-09-01T16:47:21: 2025-09-01T16:47:21: 2025-09-01T16:47:53: 
> upstream-nextjs@0.1.0 start
> next start

2025-09-01T16:48:55: 2025-09-01T16:48:55: 2025-09-01T16:48:55: 2025-09-01T16:49:28: 
> upstream-nextjs@0.1.0 start
> next start

2025-09-01T16:55:48: 2025-09-01T16:55:48: 2025-09-01T16:55:48: 2025-09-01T16:58:51: 
> upstream-nextjs@0.1.0 start
> next start

2025-09-01T17:02:13: 2025-09-01T17:02:13: 2025-09-01T17:02:13: 2025-09-01T17:02:45: 
> upstream-nextjs@0.1.0 start
> next start

2025-09-01T17:04:27: 2025-09-01T17:04:27: 2025-09-01T17:05:00: 
> upstream-nextjs@0.1.0 start
> next start

2025-09-01T17:06:24: 2025-09-01T17:06:24: 2025-09-01T17:06:58: 
> upstream-nextjs@0.1.0 start
> next start

2025-09-01T17:10:29: 2025-09-01T17:10:29: 2025-09-01T17:13:55: 
> upstream-nextjs@0.1.0 start
> next start

2025-09-01T17:14:04: 2025-09-01T17:14:04: 2025-09-01T17:14:04: 2025-09-01T17:14:38: 
> upstream-nextjs@0.1.0 start
> next start

2025-09-01T17:26:45: 2025-09-01T17:26:45: 2025-09-01T17:26:45: 2025-09-01T17:27:18: 
> upstream-nextjs@0.1.0 start
> next start

2025-09-01T17:36:30: 2025-09-01T17:36:30: 2025-09-01T17:37:03: 
> upstream-nextjs@0.1.0 start
> next start

2025-09-01T17:44:25: 2025-09-01T17:44:25: 2025-09-01T17:44:25: 2025-09-01T17:45:00: 
> upstream-nextjs@0.1.0 start
> next start

2025-09-01T17:50:24: 2025-09-01T17:50:24: 2025-09-01T17:50:24: 2025-09-01T17:50:57: 
> upstream-nextjs@0.1.0 start
> next start

2025-09-01T18:03:48: 2025-09-01T18:03:48: 2025-09-01T18:03:48: 2025-09-01T18:04:24: 
> upstream-nextjs@0.1.0 start
> next start

2025-09-01T18:10:28: 2025-09-01T18:10:28: 2025-09-01T18:10:28: 2025-09-01T18:11:02: 
> upstream-nextjs@0.1.0 start
> next start

2025-09-01T18:17:42: 2025-09-01T18:17:42: 2025-09-01T18:17:42: 2025-09-01T18:18:15: 
> upstream-nextjs@0.1.0 start
> next start

2025-09-01T18:49:55: 2025-09-01T18:49:55: 2025-09-01T18:49:55: 2025-09-01T18:50:28: 
> upstream-nextjs@0.1.0 start
> next start

2025-09-01T18:57:39: 2025-09-01T18:57:39: 2025-09-01T18:58:13: 
> upstream-nextjs@0.1.0 start
> next start

2025-09-01T19:03:53: 2025-09-01T19:03:53: 2025-09-01T19:03:53: 2025-09-01T19:04:25: 
> upstream-nextjs@0.1.0 start
> next start

2025-09-01T19:26:12: 2025-09-01T19:26:12: 2025-09-01T19:26:12: 2025-09-01T19:26:44: 
> upstream-nextjs@0.1.0 start
> next start

2025-09-01T20:12:32: 2025-09-01T20:12:32: 2025-09-01T20:12:32: 2025-09-01T20:13:07: 
> upstream-nextjs@0.1.0 start
> next start

2025-09-01T20:18:28: 2025-09-01T20:18:28: 2025-09-01T20:18:28: 2025-09-01T20:19:01: 
> upstream-nextjs@0.1.0 start
> next start

2025-09-01T20:21:55: 2025-09-01T20:21:55: 2025-09-01T20:21:55: 2025-09-01T20:22:26: 
> upstream-nextjs@0.1.0 start
> next start

2025-09-01T20:30:17: 2025-09-01T20:30:17: 2025-09-01T20:30:17: 2025-09-01T20:30:52: 
> upstream-nextjs@0.1.0 start
> next start

2025-09-01T21:10:59: 2025-09-01T21:10:59: 2025-09-01T21:10:59: 
> upstream-nextjs@0.1.0 start
> next start

2025-09-01T21:29:47: 2025-09-01T21:29:47: 2025-09-01T21:29:47: 2025-09-01T21:32:26: 
> upstream-nextjs@0.1.0 start
> next start

2025-09-01T21:42:35: 2025-09-01T21:42:35: 2025-09-01T21:42:35: 2025-09-01T21:43:07: 
> upstream-nextjs@0.1.0 start
> next start

2025-09-01T21:44:39: 2025-09-01T21:44:39: 2025-09-01T21:44:39: 2025-09-01T21:45:13: 
> upstream-nextjs@0.1.0 start
> next start

2025-09-01T21:46:57: 2025-09-01T21:46:57: 2025-09-01T21:46:57: 2025-09-01T21:47:30: 
> upstream-nextjs@0.1.0 start
> next start

2025-09-01T21:49:23: 2025-09-01T21:49:23: 2025-09-01T21:49:23: 2025-09-01T21:49:55: 
> upstream-nextjs@0.1.0 start
> next start

2025-09-02T09:10:07: 2025-09-02T09:10:07: 2025-09-02T09:10:07: 2025-09-02T09:10:07: 
> upstream-nextjs@0.1.0 start
> next start

2025-09-02T09:12:20: 2025-09-02T09:12:20: 2025-09-02T09:12:20: 2025-09-02T09:12:55: 
> upstream-nextjs@0.1.0 start
> next start

2025-09-02T09:33:20: 2025-09-02T09:33:20: 2025-09-02T09:33:20: 2025-09-02T09:33:52: 
> upstream-nextjs@0.1.0 start
> next start

2025-09-02T09:47:13: 2025-09-02T09:47:13: 2025-09-02T09:47:13: 2025-09-02T09:47:48: 
> upstream-nextjs@0.1.0 start
> next start

2025-09-02T09:51:49: 2025-09-02T09:51:49: 2025-09-02T09:51:49: 2025-09-02T09:52:23: 
> upstream-nextjs@0.1.0 start
> next start

2025-09-02T10:11:10: 2025-09-02T10:11:10: 2025-09-02T10:11:10: 2025-09-02T10:11:43: 
> upstream-nextjs@0.1.0 start
> next start

2025-09-02T10:16:17: 2025-09-02T10:16:17: 2025-09-02T10:16:17: 2025-09-02T10:16:50: 
> upstream-nextjs@0.1.0 start
> next start

2025-09-02T10:32:08: 2025-09-02T10:32:08: 2025-09-02T10:32:08: 2025-09-02T10:32:42: 
> upstream-nextjs@0.1.0 start
> next start

2025-09-02T10:40:02: 2025-09-02T10:40:02: 2025-09-02T10:40:02: 2025-09-02T10:40:36: 
> upstream-nextjs@0.1.0 start
> next start

2025-09-02T10:48:55: 2025-09-02T10:48:55: 2025-09-02T10:48:55: 2025-09-02T10:49:30: 
> upstream-nextjs@0.1.0 start
> next start

2025-09-02T10:52:21: 2025-09-02T10:52:21: 2025-09-02T10:52:21: 2025-09-02T10:52:54: 
> upstream-nextjs@0.1.0 start
> next start

2025-09-02T10:56:48: 2025-09-02T10:56:48: 2025-09-02T10:57:21: 
> upstream-nextjs@0.1.0 start
> next start

2025-09-02T10:59:24: 2025-09-02T10:59:24: 2025-09-02T10:59:24: 2025-09-02T10:59:57: 
> upstream-nextjs@0.1.0 start
> next start

2025-09-02T11:01:53: 2025-09-02T11:01:53: 2025-09-02T11:01:53: 2025-09-02T11:02:25: 
> upstream-nextjs@0.1.0 start
> next start

2025-09-02T11:07:56: 2025-09-02T11:07:56: 2025-09-02T11:07:56: 2025-09-02T11:08:29: 
> upstream-nextjs@0.1.0 start
> next start

2025-09-02T11:09:19: 2025-09-02T11:09:19: 2025-09-02T11:09:19: 2025-09-02T11:09:51: 
> upstream-nextjs@0.1.0 start
> next start

2025-09-02T11:15:11: 2025-09-02T11:15:11: 2025-09-02T11:15:11: 2025-09-02T11:15:46: 
> upstream-nextjs@0.1.0 start
> next start

2025-09-02T11:24:01: 2025-09-02T11:24:01: 2025-09-02T11:24:01: 2025-09-02T11:24:35: 
> upstream-nextjs@0.1.0 start
> next start

2025-09-02T11:27:43: 2025-09-02T11:27:43: 2025-09-02T11:27:43: 2025-09-02T11:28:17: 
> upstream-nextjs@0.1.0 start
> next start

2025-09-02T12:35:01: 2025-09-02T12:35:01: 2025-09-02T12:35:36: 
> upstream-nextjs@0.1.0 start
> next start

2025-09-02T12:42:52: 2025-09-02T12:42:52: 2025-09-02T12:42:52: 2025-09-02T12:43:25: 
> upstream-nextjs@0.1.0 start
> next start

2025-09-02T12:48:36: 2025-09-02T12:48:36: 2025-09-02T12:48:36: 2025-09-02T12:59:10: 
> upstream-nextjs@0.1.0 start
> next start

2025-09-02T13:04:03: 2025-09-02T13:04:03: 2025-09-02T13:04:03: 2025-09-02T13:04:35: 
> upstream-nextjs@0.1.0 start
> next start

2025-09-02T13:07:20: 2025-09-02T13:07:20: 2025-09-02T13:07:20: 2025-09-02T13:09:13: 
> upstream-nextjs@0.1.0 start
> next start

2025-09-02T13:09:55: 2025-09-02T13:09:55: 2025-09-02T13:09:55: 2025-09-02T13:10:28: 
> upstream-nextjs@0.1.0 start
> next start

2025-09-02T13:13:09: 2025-09-02T13:13:09: 2025-09-02T13:13:09: 2025-09-02T13:13:40: 
> upstream-nextjs@0.1.0 start
> next start

2025-09-05T11:06:27: 
> upstream-nextjs@0.1.0 start
> next start

2025-09-05T11:07:24: 2025-09-05T11:07:24: 2025-09-05T11:07:24: 2025-09-05T11:14:03: 
> upstream-nextjs@0.1.0 start
> next start

2025-09-05T11:14:07: 2025-09-05T11:14:07: 2025-09-05T11:14:07: 
> upstream-nextjs@0.1.0 start
> next start

2025-09-05T11:14:08: 2025-09-05T11:14:08: 2025-09-05T11:14:08: 2025-09-05T11:14:08: 
> upstream-nextjs@0.1.0 start
> next start

2025-09-05T11:14:09: 2025-09-05T11:14:09: 2025-09-05T11:14:09: 2025-09-05T11:14:10: 
> upstream-nextjs@0.1.0 start
> next start

2025-09-05T11:14:11: 2025-09-05T11:14:11: 2025-09-05T11:14:11: 2025-09-05T11:14:11: 
> upstream-nextjs@0.1.0 start
> next start

2025-09-05T11:14:12: 2025-09-05T11:14:12: 2025-09-05T11:14:12: 2025-09-05T11:14:12: 
> upstream-nextjs@0.1.0 start
> next start

2025-09-05T11:14:14: 2025-09-05T11:14:14: 2025-09-05T11:14:14: 2025-09-05T11:14:14: 
> upstream-nextjs@0.1.0 start
> next start

2025-09-05T11:14:15: 2025-09-05T11:14:15: 2025-09-05T11:14:15: 2025-09-05T11:14:15: 
> upstream-nextjs@0.1.0 start
> next start

2025-09-05T11:14:16: 2025-09-05T11:14:16: 2025-09-05T11:14:16: 2025-09-05T11:14:17: 
> upstream-nextjs@0.1.0 start
> next start

2025-09-05T11:14:18: 2025-09-05T11:14:18: 2025-09-05T11:14:18: 2025-09-05T11:14:18: 
> upstream-nextjs@0.1.0 start
> next start

2025-09-05T11:14:19: 2025-09-05T11:14:19: 2025-09-05T11:14:19: 2025-09-05T11:14:19: 
> upstream-nextjs@0.1.0 start
> next start

2025-09-05T11:14:20: 2025-09-05T11:14:20: 2025-09-05T11:14:21: 
> upstream-nextjs@0.1.0 start
> next start

2025-09-05T11:14:22: 2025-09-05T11:14:22: 2025-09-05T11:14:22: 2025-09-05T11:14:22: 
> upstream-nextjs@0.1.0 start
> next start

2025-09-05T11:14:23: 2025-09-05T11:14:23: 2025-09-05T11:14:23: 2025-09-05T11:14:23: 
> upstream-nextjs@0.1.0 start
> next start

2025-09-05T11:14:24: 2025-09-05T11:14:24: 2025-09-05T11:14:24: 2025-09-05T11:14:25: 
> upstream-nextjs@0.1.0 start
> next start

2025-09-05T11:14:26: 2025-09-05T11:14:26: 2025-09-05T11:14:26: 
> upstream-nextjs@0.1.0 start
> next start

2025-09-05T11:14:27: 2025-09-05T11:14:27: 2025-09-05T11:14:27: 2025-09-05T11:14:28: 
> upstream-nextjs@0.1.0 start
> next start

2025-09-05T11:14:29: 2025-09-05T11:14:29: 2025-09-05T11:14:29: 2025-09-05T11:14:29: 
> upstream-nextjs@0.1.0 start
> next start

2025-09-05T11:14:30: 2025-09-05T11:14:30: 2025-09-05T11:14:30: 2025-09-05T11:14:30: 
> upstream-nextjs@0.1.0 start
> next start

2025-09-05T11:14:31: 2025-09-05T11:14:31: 2025-09-05T11:14:31: 2025-09-05T11:14:32: 
> upstream-nextjs@0.1.0 start
> next start

2025-09-05T11:14:33: 2025-09-05T11:14:33: 2025-09-05T11:14:33: 2025-09-05T11:14:33: 
> upstream-nextjs@0.1.0 start
> next start

2025-09-05T11:14:34: 2025-09-05T11:14:34: 2025-09-05T11:14:34: 2025-09-05T11:14:35: 
> upstream-nextjs@0.1.0 start
> next start

2025-09-05T11:14:36: 2025-09-05T11:14:36: 2025-09-05T11:14:36: 2025-09-05T11:14:36: 
> upstream-nextjs@0.1.0 start
> next start

2025-09-05T11:14:37: 2025-09-05T11:14:37: 2025-09-05T11:14:37: 2025-09-05T11:14:37: 
> upstream-nextjs@0.1.0 start
> next start

2025-09-05T11:15:46: 
> upstream-nextjs@0.1.0 start
> next start

2025-09-05T11:15:49: 2025-09-05T11:15:49: 2025-09-05T11:15:49: 
> upstream-nextjs@0.1.0 start
> next start

2025-09-05T11:15:50: 2025-09-05T11:15:50: 2025-09-05T11:15:50: 2025-09-05T11:15:51: 
> upstream-nextjs@0.1.0 start
> next start

2025-09-05T11:15:52: 2025-09-05T11:15:52: 2025-09-05T11:15:52: 2025-09-05T11:15:52: 
> upstream-nextjs@0.1.0 start
> next start

2025-09-05T11:15:53: 2025-09-05T11:15:53: 2025-09-05T11:15:53: 2025-09-05T11:15:54: 
> upstream-nextjs@0.1.0 start
> next start

2025-09-05T11:15:55: 2025-09-05T11:15:55: 2025-09-05T11:15:55: 2025-09-05T11:15:55: 
> upstream-nextjs@0.1.0 start
> next start

2025-09-05T11:15:56: 2025-09-05T11:15:56: 2025-09-05T11:15:56: 2025-09-05T11:15:56: 
> upstream-nextjs@0.1.0 start
> next start

2025-09-05T11:15:57: 2025-09-05T11:15:57: 2025-09-05T11:15:57: 2025-09-05T11:15:58: 
> upstream-nextjs@0.1.0 start
> next start

2025-09-05T11:15:59: 2025-09-05T11:15:59: 2025-09-05T11:15:59: 2025-09-05T11:15:59: 
> upstream-nextjs@0.1.0 start
> next start

2025-09-05T11:16:00: 2025-09-05T11:16:00: 2025-09-05T11:16:00: 2025-09-05T11:16:01: 
> upstream-nextjs@0.1.0 start
> next start

2025-09-05T11:16:02: 2025-09-05T11:16:02: 2025-09-05T11:16:02: 2025-09-05T11:16:02: 
> upstream-nextjs@0.1.0 start
> next start

2025-09-05T11:16:03: 2025-09-05T11:16:03: 2025-09-05T11:16:03: 2025-09-05T11:16:03: 
> upstream-nextjs@0.1.0 start
> next start

2025-09-05T11:16:04: 2025-09-05T11:16:04: 2025-09-05T11:16:04: 2025-09-05T11:16:05: 
> upstream-nextjs@0.1.0 start
> next start

2025-09-05T11:16:06: 2025-09-05T11:16:06: 2025-09-05T11:16:06: 2025-09-05T11:16:06: 
> upstream-nextjs@0.1.0 start
> next start

2025-09-05T11:16:07: 2025-09-05T11:16:07: 2025-09-05T11:16:07: 2025-09-05T11:16:07: 
> upstream-nextjs@0.1.0 start
> next start

2025-09-05T11:16:08: 2025-09-05T11:16:08: 2025-09-05T11:16:08: 2025-09-05T11:16:09: 
> upstream-nextjs@0.1.0 start
> next start

2025-09-05T11:16:10: 2025-09-05T11:16:10: 2025-09-05T11:16:10: 2025-09-05T11:16:10: 
> upstream-nextjs@0.1.0 start
> next start

2025-09-05T11:16:11: 2025-09-05T11:16:11: 2025-09-05T11:16:11: 2025-09-05T11:16:12: 
> upstream-nextjs@0.1.0 start
> next start

2025-09-05T11:16:13: 2025-09-05T11:16:13: 2025-09-05T11:16:13: 2025-09-05T11:16:13: 
> upstream-nextjs@0.1.0 start
> next start

2025-09-05T11:16:14: 2025-09-05T11:16:14: 2025-09-05T11:16:14: 2025-09-05T11:16:14: 
> upstream-nextjs@0.1.0 start
> next start

2025-09-05T11:16:15: 2025-09-05T11:16:15: 2025-09-05T11:16:15: 2025-09-05T11:16:16: 
> upstream-nextjs@0.1.0 start
> next start

2025-09-05T11:16:17: 2025-09-05T11:16:17: 2025-09-05T11:16:17: 2025-09-05T11:16:17: 
> upstream-nextjs@0.1.0 start
> next start

2025-09-05T11:16:18: 2025-09-05T11:16:18: 2025-09-05T11:16:18: 2025-09-05T11:16:18: 
> upstream-nextjs@0.1.0 start
> next start

2025-09-05T11:16:20: 2025-09-05T11:16:20: 2025-09-05T11:16:20: 2025-09-05T11:16:20: 
> upstream-nextjs@0.1.0 start
> next start

2025-09-05T11:16:21: 2025-09-05T11:16:21: 2025-09-05T11:16:21: 2025-09-05T11:16:21: 
> upstream-nextjs@0.1.0 start
> next start

2025-09-05T11:16:23: 2025-09-05T11:16:23: 2025-09-05T11:16:23: 2025-09-05T11:16:23: 
> upstream-nextjs@0.1.0 start
> next start

2025-09-05T11:16:24: 2025-09-05T11:16:24: 2025-09-05T11:16:24: 2025-09-05T11:16:24: 
> upstream-nextjs@0.1.0 start
> next start

2025-09-05T11:16:25: 2025-09-05T11:16:26: 2025-09-05T11:16:26: 2025-09-05T11:16:26: 
> upstream-nextjs@0.1.0 start
> next start

2025-09-05T11:16:27: 2025-09-05T11:16:27: 2025-09-05T11:16:27: 2025-09-05T11:16:27: 
> upstream-nextjs@0.1.0 start
> next start

2025-09-05T11:16:28: 2025-09-05T11:16:28: 2025-09-05T11:16:28: 2025-09-05T11:16:29: 
> upstream-nextjs@0.1.0 start
> next start

2025-09-05T11:16:30: 2025-09-05T11:16:30: 2025-09-05T11:16:30: 2025-09-05T11:16:30: 
> upstream-nextjs@0.1.0 start
> next start

2025-09-05T11:16:31: 2025-09-05T11:16:31: 2025-09-05T11:16:31: 2025-09-05T11:16:31: 
> upstream-nextjs@0.1.0 start
> next start

2025-09-05T11:16:32: 2025-09-05T11:16:32: 2025-09-05T11:16:32: 2025-09-05T11:16:33: 
> upstream-nextjs@0.1.0 start
> next start

2025-09-05T11:16:34: 2025-09-05T11:16:34: 2025-09-05T11:16:34: 2025-09-05T11:16:34: 
> upstream-nextjs@0.1.0 start
> next start

2025-09-05T11:16:35: 2025-09-05T11:16:35: 2025-09-05T11:16:35: 2025-09-05T11:16:35: 
> upstream-nextjs@0.1.0 start
> next start

2025-09-05T11:16:36: 2025-09-05T11:16:36: 2025-09-05T11:16:36: 2025-09-05T11:16:37: 
> upstream-nextjs@0.1.0 start
> next start

2025-09-05T11:16:38: 2025-09-05T11:16:38: 2025-09-05T11:16:38: 2025-09-05T11:16:38: 
> upstream-nextjs@0.1.0 start
> next start

2025-09-05T11:16:39: 2025-09-05T11:16:39: 2025-09-05T11:16:39: 2025-09-05T11:16:40: 
> upstream-nextjs@0.1.0 start
> next start

2025-09-05T11:16:41: 2025-09-05T11:16:41: 2025-09-05T11:16:41: 2025-09-05T11:16:41: 
> upstream-nextjs@0.1.0 start
> next start

2025-09-05T11:16:42: 2025-09-05T11:16:42: 2025-09-05T11:16:42: 2025-09-05T11:16:42: 
> upstream-nextjs@0.1.0 start
> next start

2025-09-05T11:16:43: 2025-09-05T11:16:43: 2025-09-05T11:16:43: 2025-09-05T11:16:44: 
> upstream-nextjs@0.1.0 start
> next start

2025-09-05T11:16:45: 2025-09-05T11:16:45: 2025-09-05T11:16:45: 2025-09-05T11:16:45: 
> upstream-nextjs@0.1.0 start
> next start

2025-09-05T11:16:46: 2025-09-05T11:16:46: 2025-09-05T11:16:46: 2025-09-05T11:16:46: 
> upstream-nextjs@0.1.0 start
> next start

2025-09-05T11:16:47: 2025-09-05T11:16:48: 2025-09-05T11:16:48: 2025-09-05T11:16:48: 
> upstream-nextjs@0.1.0 start
> next start

2025-09-05T11:16:49: 2025-09-05T11:16:49: 2025-09-05T11:16:49: 2025-09-05T11:16:49: 
> upstream-nextjs@0.1.0 start
> next start

2025-09-05T11:16:50: 2025-09-05T11:16:50: 2025-09-05T11:16:50: 2025-09-05T11:16:51: 
> upstream-nextjs@0.1.0 start
> next start

2025-09-05T11:16:52: 2025-09-05T11:16:52: 2025-09-05T11:16:52: 2025-09-05T11:16:52: 
> upstream-nextjs@0.1.0 start
> next start

2025-09-05T11:16:53: 2025-09-05T11:16:53: 2025-09-05T11:16:53: 2025-09-05T11:16:53: 
> upstream-nextjs@0.1.0 start
> next start

2025-09-05T11:16:54: 2025-09-05T11:16:54: 2025-09-05T11:16:54: 2025-09-05T11:16:55: 
> upstream-nextjs@0.1.0 start
> next start

2025-09-05T11:16:56: 2025-09-05T11:16:56: 2025-09-05T11:16:56: 2025-09-05T11:16:56: 
> upstream-nextjs@0.1.0 start
> next start

2025-09-05T11:16:57: 2025-09-05T11:16:57: 2025-09-05T11:16:57: 2025-09-05T11:16:58: 
> upstream-nextjs@0.1.0 start
> next start

2025-09-05T11:16:59: 2025-09-05T11:16:59: 2025-09-05T11:16:59: 2025-09-05T11:16:59: 
> upstream-nextjs@0.1.0 start
> next start

2025-09-05T11:17:01: 2025-09-05T11:17:01: 2025-09-05T11:17:01: 2025-09-05T11:17:01: 
> upstream-nextjs@0.1.0 start
> next start

2025-09-05T11:17:02: 2025-09-05T11:17:02: 2025-09-05T11:17:02: 2025-09-05T11:17:03: 
> upstream-nextjs@0.1.0 start
> next start

2025-09-05T11:17:04: 2025-09-05T11:17:04: 2025-09-05T11:17:04: 2025-09-05T11:17:05: 
> upstream-nextjs@0.1.0 start
> next start

2025-09-05T11:17:07: 2025-09-05T11:17:07: 2025-09-05T11:17:07: 2025-09-05T11:17:07: 
> upstream-nextjs@0.1.0 start
> next start

2025-09-05T11:17:09: 2025-09-05T11:17:09: 2025-09-05T11:17:09: 2025-09-05T11:17:09: 
> upstream-nextjs@0.1.0 start
> next start

2025-09-05T11:17:10: 2025-09-05T11:17:10: 2025-09-05T11:17:10: 2025-09-05T11:17:11: 
> upstream-nextjs@0.1.0 start
> next start

2025-09-05T11:17:12: 2025-09-05T11:17:12: 2025-09-05T11:17:12: 2025-09-05T11:17:14: 
> upstream-nextjs@0.1.0 start
> next start

2025-09-05T11:17:15: 2025-09-05T11:17:15: 2025-09-05T11:17:15: 2025-09-05T11:17:15: 
> upstream-nextjs@0.1.0 start
> next start

2025-09-05T11:17:16: 2025-09-05T11:17:16: 2025-09-05T11:17:16: 2025-09-05T11:17:17: 
> upstream-nextjs@0.1.0 start
> next start

2025-09-05T11:17:18: 2025-09-05T11:17:18: 2025-09-05T11:17:18: 2025-09-05T11:17:18: 
> upstream-nextjs@0.1.0 start
> next start

2025-09-05T11:17:19: 2025-09-05T11:17:19: 2025-09-05T11:17:19: 2025-09-05T11:17:20: 
> upstream-nextjs@0.1.0 start
> next start

2025-09-05T11:17:21: 2025-09-05T11:17:21: 2025-09-05T11:17:21: 2025-09-05T11:17:21: 
> upstream-nextjs@0.1.0 start
> next start

2025-09-05T11:17:23: 2025-09-05T11:17:23: 2025-09-05T11:17:23: 2025-09-05T11:18:02: 
> upstream-nextjs@0.1.0 start
> next start

2025-09-05T11:18:43: 2025-09-05T11:18:44: 
> upstream-nextjs@0.1.0 start
> next start

2025-09-05T11:20:14: 2025-09-05T11:20:14: 2025-09-05T11:20:14: 2025-09-05T11:20:15: 
> upstream-nextjs@0.1.0 start
> next start

2025-09-05T11:21:47: 
> upstream-nextjs@0.1.0 start
> next start

2025-09-05T11:23:16: 2025-09-05T11:23:16: 2025-09-05T11:23:16: 2025-09-05T11:23:17: 
> upstream-nextjs@0.1.0 start
> next start

2025-09-05T11:24:36: 2025-09-05T11:24:36: 2025-09-05T11:24:36: 2025-09-05T11:24:36: 
> upstream-nextjs@0.1.0 start
> next start -H 0.0.0.0 -p 3000

2025-09-05T11:24:47: 2025-09-05T11:24:47: 2025-09-05T11:24:47: 2025-09-05T11:24:48: 
> upstream-nextjs@0.1.0 start
> next start -H 0.0.0.0 -p 3000

2025-09-05T11:26:17: 2025-09-05T11:26:17: 2025-09-05T11:26:17: 2025-09-05T11:26:18: 
> upstream-nextjs@0.1.0 start
> next start -H 0.0.0.0 -p 3000

2025-09-05T11:27:28: 2025-09-05T11:27:28: 2025-09-05T11:27:28: 2025-09-05T11:27:50: 
> upstream-nextjs@0.1.0 start
> next start -H 0.0.0.0 -p 3000

2025-09-05T11:27:52: 2025-09-05T11:27:52: 2025-09-05T11:27:52: 2025-09-05T11:27:52: 
> upstream-nextjs@0.1.0 start
> next start -H 0.0.0.0 -p 3000

2025-09-05T11:27:54: 2025-09-05T11:27:54: 2025-09-05T11:27:54: 2025-09-05T11:27:55: 
> upstream-nextjs@0.1.0 start
> next start -H 0.0.0.0 -p 3000

2025-09-05T11:27:56: 2025-09-05T11:27:56: 2025-09-05T11:27:56: 2025-09-05T11:27:57: 
> upstream-nextjs@0.1.0 start
> next start -H 0.0.0.0 -p 3000

2025-09-05T11:27:59: 2025-09-05T11:27:59: 2025-09-05T11:27:59: 2025-09-05T11:28:00: 
> upstream-nextjs@0.1.0 start
> next start -H 0.0.0.0 -p 3000

2025-09-05T11:28:02: 2025-09-05T11:28:02: 2025-09-05T11:28:02: 2025-09-05T11:28:02: 
> upstream-nextjs@0.1.0 start
> next start -H 0.0.0.0 -p 3000

2025-09-05T11:28:04: 2025-09-05T11:28:04: 2025-09-05T11:28:04: 2025-09-05T11:28:05: 
> upstream-nextjs@0.1.0 start
> next start -H 0.0.0.0 -p 3000

2025-09-05T11:28:06: 2025-09-05T11:28:06: 2025-09-05T11:28:06: 2025-09-05T11:28:07: 
> upstream-nextjs@0.1.0 start
> next start -H 0.0.0.0 -p 3000

2025-09-05T11:28:19: 2025-09-05T11:28:19: 2025-09-05T11:28:19: 2025-09-05T11:28:19: 
> upstream-nextjs@0.1.0 start
> next start -H 0.0.0.0 -p 3000

2025-09-05T11:29:19: 
> upstream-nextjs@0.1.0 start
> next start -H 0.0.0.0 -p 3000

2025-09-05T11:30:49: 2025-09-05T11:30:49: 2025-09-05T11:30:49: 2025-09-05T11:30:50: 
> upstream-nextjs@0.1.0 start
> next start -H 0.0.0.0 -p 3000

2025-09-05T11:32:19: 2025-09-05T11:32:19: 2025-09-05T11:32:19: 2025-09-05T11:32:20: 
> upstream-nextjs@0.1.0 start
> next start -H 0.0.0.0 -p 3000

2025-09-05T11:33:50: 2025-09-05T11:33:50: 2025-09-05T11:33:51: 
> upstream-nextjs@0.1.0 start
> next start -H 0.0.0.0 -p 3000

2025-09-05T11:35:20: 2025-09-05T11:35:20: 2025-09-05T11:35:21: 
> upstream-nextjs@0.1.0 start
> next start -H 0.0.0.0 -p 3000

2025-09-05T11:36:51: 2025-09-05T11:36:51: 2025-09-05T11:36:51: 2025-09-05T11:36:52: 
> upstream-nextjs@0.1.0 start
> next start -H 0.0.0.0 -p 3000

2025-09-05T11:38:21: 2025-09-05T11:38:22: 
> upstream-nextjs@0.1.0 start
> next start -H 0.0.0.0 -p 3000

2025-09-05T11:39:52: 2025-09-05T11:39:52: 2025-09-05T11:39:52: 2025-09-05T11:39:53: 
> upstream-nextjs@0.1.0 start
> next start -H 0.0.0.0 -p 3000

2025-09-05T11:40:25: 2025-09-05T11:40:25: 2025-09-05T11:40:25: 2025-09-05T11:41:07: 
> upstream-nextjs@0.1.0 start
> next start -H 0.0.0.0 -p 3000

2025-09-05T11:41:22: 2025-09-05T11:41:22: 2025-09-05T11:41:22: 2025-09-05T11:41:24: 
> upstream-nextjs@0.1.0 start
> next start -H 0.0.0.0 -p 3000

2025-09-05T11:42:53: 2025-09-05T11:42:53: 2025-09-05T11:42:54: 
> upstream-nextjs@0.1.0 start
> next start -H 0.0.0.0 -p 3000

2025-09-05T11:44:23: 2025-09-05T11:44:23: 2025-09-05T11:44:23: 2025-09-05T11:44:24: 
> upstream-nextjs@0.1.0 start
> next start -H 0.0.0.0 -p 3000

2025-09-05T11:45:54: 2025-09-05T11:45:54: 2025-09-05T11:45:55: 
> upstream-nextjs@0.1.0 start
> next start -H 0.0.0.0 -p 3000

2025-09-05T11:46:58: 2025-09-05T11:46:58: 2025-09-05T11:46:58: 2025-09-05T11:47:26: 
> upstream-nextjs@0.1.0 start
> next start -H 0.0.0.0 -p 3000

2025-09-05T11:47:39: 2025-09-05T11:47:39: 2025-09-05T11:47:39: 2025-09-05T11:47:40: 
> upstream-nextjs@0.1.0 start
> next start -H 0.0.0.0 -p 3000

2025-09-05T11:48:55: 2025-09-05T11:48:55: 2025-09-05T11:48:55: 2025-09-05T11:48:56: 
> upstream-nextjs@0.1.0 start
> next start -H 0.0.0.0 -p 3000

2025-09-05T11:50:25: 2025-09-05T11:50:25: 2025-09-05T11:50:26: 
> upstream-nextjs@0.1.0 start
> next start -H 0.0.0.0 -p 3000

2025-09-05T11:51:56: 2025-09-05T11:51:56: 2025-09-05T11:51:57: 
> upstream-nextjs@0.1.0 start
> next start -H 0.0.0.0 -p 3000

2025-09-05T11:53:26: 2025-09-05T11:53:26: 2025-09-05T11:53:26: 2025-09-05T11:53:27: 
> upstream-nextjs@0.1.0 start
> next start -H 0.0.0.0 -p 3000

2025-09-05T11:54:57: 2025-09-05T11:54:57: 2025-09-05T11:54:58: 
> upstream-nextjs@0.1.0 start
> next start -H 0.0.0.0 -p 3000

2025-09-05T11:56:27: 2025-09-05T11:56:27: 2025-09-05T11:56:27: 2025-09-05T11:56:28: 
> upstream-nextjs@0.1.0 start
> next start -H 0.0.0.0 -p 3000

2025-09-05T11:57:58: 2025-09-05T11:57:58: 2025-09-05T11:57:58: 2025-09-05T11:57:59: 
> upstream-nextjs@0.1.0 start
> next start -H 0.0.0.0 -p 3000

2025-09-05T11:59:29: 2025-09-05T11:59:29: 2025-09-05T11:59:29: 2025-09-05T11:59:30: 
> upstream-nextjs@0.1.0 start
> next start -H 0.0.0.0 -p 3000

2025-09-05T12:00:59: 2025-09-05T12:00:59: 2025-09-05T12:01:00: 
> upstream-nextjs@0.1.0 start
> next start -H 0.0.0.0 -p 3000

2025-09-05T12:02:30: 2025-09-05T12:02:30: 2025-09-05T12:02:30: 2025-09-05T12:02:31: 
> upstream-nextjs@0.1.0 start
> next start -H 0.0.0.0 -p 3000

2025-09-05T12:04:00: 2025-09-05T12:04:00: 2025-09-05T12:04:01: 
> upstream-nextjs@0.1.0 start
> next start -H 0.0.0.0 -p 3000

2025-09-05T12:05:31: 2025-09-05T12:05:31: 2025-09-05T12:05:32: 
> upstream-nextjs@0.1.0 start
> next start -H 0.0.0.0 -p 3000

2025-09-05T12:07:01: 2025-09-05T12:07:02: 
> upstream-nextjs@0.1.0 start
> next start -H 0.0.0.0 -p 3000

2025-09-05T12:08:32: 2025-09-05T12:08:32: 2025-09-05T12:08:32: 2025-09-05T12:08:33: 
> upstream-nextjs@0.1.0 start
> next start -H 0.0.0.0 -p 3000

2025-09-05T12:10:02: 2025-09-05T12:10:02: 2025-09-05T12:10:02: 2025-09-05T12:10:03: 
> upstream-nextjs@0.1.0 start
> next start -H 0.0.0.0 -p 3000

2025-09-05T12:11:33: 2025-09-05T12:11:33: 2025-09-05T12:11:33: 2025-09-05T12:11:34: 
> upstream-nextjs@0.1.0 start
> next start -H 0.0.0.0 -p 3000

2025-09-05T12:13:03: 2025-09-05T12:13:03: 2025-09-05T12:13:03: 2025-09-05T12:13:04: 
> upstream-nextjs@0.1.0 start
> next start -H 0.0.0.0 -p 3000

2025-09-05T12:14:34: 2025-09-05T12:14:34: 2025-09-05T12:14:35: 
> upstream-nextjs@0.1.0 start
> next start -H 0.0.0.0 -p 3000

2025-09-05T12:16:04: 2025-09-05T12:16:04: 2025-09-05T12:16:05: 
> upstream-nextjs@0.1.0 start
> next start -H 0.0.0.0 -p 3000

2025-09-05T12:17:35: 2025-09-05T12:17:35: 2025-09-05T12:17:36: 
> upstream-nextjs@0.1.0 start
> next start -H 0.0.0.0 -p 3000

2025-09-05T12:19:05: 2025-09-05T12:19:05: 2025-09-05T12:19:06: 
> upstream-nextjs@0.1.0 start
> next start -H 0.0.0.0 -p 3000

2025-09-05T12:20:36: 2025-09-05T12:20:36: 2025-09-05T12:20:36: 2025-09-05T12:20:37: 
> upstream-nextjs@0.1.0 start
> next start -H 0.0.0.0 -p 3000

2025-09-05T12:22:06: 2025-09-05T12:22:06: 2025-09-05T12:22:06: 2025-09-05T12:22:07: 
> upstream-nextjs@0.1.0 start
> next start -H 0.0.0.0 -p 3000

2025-09-05T12:23:37: 2025-09-05T12:23:37: 2025-09-05T12:23:38: 
> upstream-nextjs@0.1.0 start
> next start -H 0.0.0.0 -p 3000

2025-09-05T12:25:07: 2025-09-05T12:25:07: 2025-09-05T12:25:07: 2025-09-05T12:25:08: 
> upstream-nextjs@0.1.0 start
> next start -H 0.0.0.0 -p 3000

2025-09-05T12:26:39: 
> upstream-nextjs@0.1.0 start
> next start -H 0.0.0.0 -p 3000

2025-09-05T12:28:08: 2025-09-05T12:28:08: 2025-09-05T12:28:09: 
> upstream-nextjs@0.1.0 start
> next start -H 0.0.0.0 -p 3000

2025-09-05T12:29:39: 2025-09-05T12:29:39: 2025-09-05T12:29:39: 2025-09-05T12:29:40: 
> upstream-nextjs@0.1.0 start
> next start -H 0.0.0.0 -p 3000

2025-09-05T12:31:09: 2025-09-05T12:31:09: 2025-09-05T12:31:09: 2025-09-05T12:31:10: 
> upstream-nextjs@0.1.0 start
> next start -H 0.0.0.0 -p 3000

2025-09-05T12:32:39: 2025-09-05T12:32:39: 2025-09-05T12:32:39: 2025-09-05T12:32:40: 
> upstream-nextjs@0.1.0 start
> next start -H 0.0.0.0 -p 3000

2025-09-05T12:34:10: 2025-09-05T12:34:10: 2025-09-05T12:34:10: 2025-09-05T12:34:11: 
> upstream-nextjs@0.1.0 start
> next start -H 0.0.0.0 -p 3000

2025-09-05T12:35:40: 2025-09-05T12:35:40: 2025-09-05T12:35:41: 
> upstream-nextjs@0.1.0 start
> next start -H 0.0.0.0 -p 3000

2025-09-05T12:37:11: 2025-09-05T12:37:11: 2025-09-05T12:37:12: 
> upstream-nextjs@0.1.0 start
> next start -H 0.0.0.0 -p 3000

2025-09-05T12:38:41: 2025-09-05T12:38:41: 2025-09-05T12:38:42: 
> upstream-nextjs@0.1.0 start
> next start -H 0.0.0.0 -p 3000

2025-09-05T12:40:12: 2025-09-05T12:40:12: 2025-09-05T12:40:12: 2025-09-05T12:40:13: 
> upstream-nextjs@0.1.0 start
> next start -H 0.0.0.0 -p 3000

2025-09-05T12:41:42: 2025-09-05T12:41:42: 2025-09-05T12:41:42: 2025-09-05T12:41:43: 
> upstream-nextjs@0.1.0 start
> next start -H 0.0.0.0 -p 3000

2025-09-05T12:43:13: 2025-09-05T12:43:13: 2025-09-05T12:43:13: 2025-09-05T12:43:14: 
> upstream-nextjs@0.1.0 start
> next start -H 0.0.0.0 -p 3000

2025-09-05T12:44:43: 2025-09-05T12:44:43: 2025-09-05T12:44:43: 2025-09-05T12:44:44: 
> upstream-nextjs@0.1.0 start
> next start -H 0.0.0.0 -p 3000

2025-09-05T12:46:15: 
> upstream-nextjs@0.1.0 start
> next start -H 0.0.0.0 -p 3000

2025-09-05T12:47:44: 2025-09-05T12:47:44: 2025-09-05T12:47:44: 2025-09-05T12:47:45: 
> upstream-nextjs@0.1.0 start
> next start -H 0.0.0.0 -p 3000

2025-09-05T12:49:15: 2025-09-05T12:49:15: 2025-09-05T12:49:16: 
> upstream-nextjs@0.1.0 start
> next start -H 0.0.0.0 -p 3000

2025-09-05T12:50:45: 2025-09-05T12:50:45: 2025-09-05T12:50:45: 2025-09-05T12:50:46: 
> upstream-nextjs@0.1.0 start
> next start -H 0.0.0.0 -p 3000

2025-09-05T12:52:16: 2025-09-05T12:52:16: 2025-09-05T12:52:16: 2025-09-05T12:52:17: 
> upstream-nextjs@0.1.0 start
> next start -H 0.0.0.0 -p 3000

2025-09-05T12:53:46: 2025-09-05T12:53:46: 2025-09-05T12:53:46: 2025-09-05T12:53:47: 
> upstream-nextjs@0.1.0 start
> next start -H 0.0.0.0 -p 3000

2025-09-05T12:55:17: 2025-09-05T12:55:17: 2025-09-05T12:55:18: 
> upstream-nextjs@0.1.0 start
> next start -H 0.0.0.0 -p 3000

2025-09-05T12:56:48: 
> upstream-nextjs@0.1.0 start
> next start -H 0.0.0.0 -p 3000

2025-09-05T12:58:18: 2025-09-05T12:58:18: 2025-09-05T12:58:19: 
> upstream-nextjs@0.1.0 start
> next start -H 0.0.0.0 -p 3000

2025-09-05T12:59:48: 2025-09-05T12:59:48: 2025-09-05T12:59:48: 2025-09-05T12:59:49: 
> upstream-nextjs@0.1.0 start
> next start -H 0.0.0.0 -p 3000

2025-09-05T13:01:19: 2025-09-05T13:01:19: 2025-09-05T13:01:19: 2025-09-05T13:01:20: 
> upstream-nextjs@0.1.0 start
> next start -H 0.0.0.0 -p 3000

2025-09-05T13:02:49: 2025-09-05T13:02:50: 
> upstream-nextjs@0.1.0 start
> next start -H 0.0.0.0 -p 3000

2025-09-05T13:04:20: 2025-09-05T13:04:20: 2025-09-05T13:04:20: 2025-09-05T13:04:21: 
> upstream-nextjs@0.1.0 start
> next start -H 0.0.0.0 -p 3000

2025-09-05T13:05:50: 2025-09-05T13:05:50: 2025-09-05T13:05:51: 
> upstream-nextjs@0.1.0 start
> next start -H 0.0.0.0 -p 3000

2025-09-05T13:07:21: 2025-09-05T13:07:21: 2025-09-05T13:07:21: 2025-09-05T13:07:22: 
> upstream-nextjs@0.1.0 start
> next start -H 0.0.0.0 -p 3000

2025-09-05T13:08:51: 2025-09-05T13:08:51: 2025-09-05T13:08:51: 2025-09-05T13:08:52: 
> upstream-nextjs@0.1.0 start
> next start -H 0.0.0.0 -p 3000

2025-09-05T13:10:22: 2025-09-05T13:10:22: 2025-09-05T13:10:22: 2025-09-05T13:10:23: 
> upstream-nextjs@0.1.0 start
> next start -H 0.0.0.0 -p 3000

2025-09-05T13:11:52: 2025-09-05T13:11:52: 2025-09-05T13:11:53: 
> upstream-nextjs@0.1.0 start
> next start -H 0.0.0.0 -p 3000

2025-09-05T13:13:23: 2025-09-05T13:13:23: 2025-09-05T13:13:23: 2025-09-05T13:13:24: 
> upstream-nextjs@0.1.0 start
> next start -H 0.0.0.0 -p 3000

2025-09-05T13:14:53: 2025-09-05T13:14:55: 
> upstream-nextjs@0.1.0 start
> next start -H 0.0.0.0 -p 3000

2025-09-05T13:16:24: 2025-09-05T13:16:24: 2025-09-05T13:16:24: 2025-09-05T13:16:25: 
> upstream-nextjs@0.1.0 start
> next start -H 0.0.0.0 -p 3000

2025-09-05T13:17:55: 
> upstream-nextjs@0.1.0 start
> next start -H 0.0.0.0 -p 3000

2025-09-05T13:19:25: 2025-09-05T13:19:26: 
> upstream-nextjs@0.1.0 start
> next start -H 0.0.0.0 -p 3000

2025-09-05T13:20:55: 2025-09-05T13:20:55: 2025-09-05T13:20:57: 
> upstream-nextjs@0.1.0 start
> next start -H 0.0.0.0 -p 3000

2025-09-05T13:22:26: 2025-09-05T13:22:26: 2025-09-05T13:22:27: 
> upstream-nextjs@0.1.0 start
> next start -H 0.0.0.0 -p 3000

2025-09-05T13:23:56: 2025-09-05T13:23:56: 2025-09-05T13:23:56: 2025-09-05T13:23:57: 
> upstream-nextjs@0.1.0 start
> next start -H 0.0.0.0 -p 3000

2025-09-05T13:25:27: 2025-09-05T13:25:27: 2025-09-05T13:25:28: 
> upstream-nextjs@0.1.0 start
> next start -H 0.0.0.0 -p 3000

2025-09-05T13:26:57: 2025-09-05T13:26:57: 2025-09-05T13:26:57: 2025-09-05T13:26:58: 
> upstream-nextjs@0.1.0 start
> next start -H 0.0.0.0 -p 3000

2025-09-05T13:28:28: 2025-09-05T13:28:28: 2025-09-05T13:28:29: 
> upstream-nextjs@0.1.0 start
> next start -H 0.0.0.0 -p 3000

2025-09-05T13:29:58: 2025-09-05T13:29:58: 2025-09-05T13:29:58: 2025-09-05T13:29:59: 
> upstream-nextjs@0.1.0 start
> next start -H 0.0.0.0 -p 3000

