2025-09-01T16:42:22: 
> upstream-nextjs@0.1.0 start
> next start

2025-09-01T16:42:36: 2025-09-01T16:43:52: 
> upstream-nextjs@0.1.0 start
> next start

2025-09-01T16:47:21: 2025-09-01T16:47:53: 
> upstream-nextjs@0.1.0 start
> next start

2025-09-01T16:48:55: 2025-09-01T16:49:28: 
> upstream-nextjs@0.1.0 start
> next start

2025-09-01T16:55:48: 2025-09-01T16:58:51: 
> upstream-nextjs@0.1.0 start
> next start

2025-09-01T17:02:13: 2025-09-01T17:02:45: 
> upstream-nextjs@0.1.0 start
> next start

2025-09-01T17:04:27: 2025-09-01T17:04:27: 2025-09-01T17:05:00: 
> upstream-nextjs@0.1.0 start
> next start

2025-09-01T17:06:24: 2025-09-01T17:06:24: 2025-09-01T17:06:58: 
> upstream-nextjs@0.1.0 start
> next start

2025-09-01T17:10:29: 2025-09-01T17:10:29: 2025-09-01T17:13:55: 
> upstream-nextjs@0.1.0 start
> next start

2025-09-01T17:14:04: 2025-09-01T17:14:38: 
> upstream-nextjs@0.1.0 start
> next start

2025-09-01T17:26:45: 2025-09-01T17:27:18: 
> upstream-nextjs@0.1.0 start
> next start

2025-09-01T17:36:30: 2025-09-01T17:36:30: 2025-09-01T17:37:03: 
> upstream-nextjs@0.1.0 start
> next start

2025-09-01T17:44:25: 2025-09-01T17:45:00: 
> upstream-nextjs@0.1.0 start
> next start

2025-09-01T17:50:24: 2025-09-01T17:50:57: 
> upstream-nextjs@0.1.0 start
> next start

2025-09-01T18:03:48: 2025-09-01T18:04:24: 
> upstream-nextjs@0.1.0 start
> next start

2025-09-01T18:10:28: 2025-09-01T18:11:02: 
> upstream-nextjs@0.1.0 start
> next start

2025-09-01T18:17:42: 2025-09-01T18:18:15: 
> upstream-nextjs@0.1.0 start
> next start

2025-09-01T18:49:55: 2025-09-01T18:50:28: 
> upstream-nextjs@0.1.0 start
> next start

2025-09-01T18:57:39: 2025-09-01T18:57:39: 2025-09-01T18:58:13: 
> upstream-nextjs@0.1.0 start
> next start

2025-09-01T19:03:53: 2025-09-01T19:04:25: 
> upstream-nextjs@0.1.0 start
> next start

2025-09-01T19:26:12: 2025-09-01T19:26:44: 
> upstream-nextjs@0.1.0 start
> next start

2025-09-01T20:12:32: 2025-09-01T20:13:07: 
> upstream-nextjs@0.1.0 start
> next start

2025-09-01T20:18:28: 2025-09-01T20:19:01: 
> upstream-nextjs@0.1.0 start
> next start

2025-09-01T20:21:55: 2025-09-01T20:22:26: 
> upstream-nextjs@0.1.0 start
> next start

2025-09-01T20:30:17: 2025-09-01T20:30:52: 
> upstream-nextjs@0.1.0 start
> next start

2025-09-01T21:10:59: 2025-09-01T21:10:59: 2025-09-01T21:10:59: 
> upstream-nextjs@0.1.0 start
> next start

2025-09-01T21:29:47: 2025-09-01T21:32:26: 
> upstream-nextjs@0.1.0 start
> next start

2025-09-01T21:42:35: 2025-09-01T21:43:07: 
> upstream-nextjs@0.1.0 start
> next start

2025-09-01T21:44:39: 2025-09-01T21:45:13: 
> upstream-nextjs@0.1.0 start
> next start

2025-09-01T21:46:57: 2025-09-01T21:47:30: 
> upstream-nextjs@0.1.0 start
> next start

2025-09-01T21:49:23: 2025-09-01T21:49:55: 
> upstream-nextjs@0.1.0 start
> next start

2025-09-02T09:10:07: 2025-09-02T09:10:07: 
> upstream-nextjs@0.1.0 start
> next start

2025-09-02T09:12:20: 2025-09-02T09:12:55: 
> upstream-nextjs@0.1.0 start
> next start

2025-09-02T09:33:20: 2025-09-02T09:33:52: 
> upstream-nextjs@0.1.0 start
> next start

2025-09-02T09:47:13: 2025-09-02T09:47:48: 
> upstream-nextjs@0.1.0 start
> next start

2025-09-02T09:51:49: 2025-09-02T09:52:23: 
> upstream-nextjs@0.1.0 start
> next start

2025-09-02T10:11:10: 2025-09-02T10:11:43: 
> upstream-nextjs@0.1.0 start
> next start

2025-09-02T10:16:17: 2025-09-02T10:16:50: 
> upstream-nextjs@0.1.0 start
> next start

