2025-09-01T16:24:06: 
> upstream-nextjs@0.1.0 start
> next start

2025-09-01T16:24:06: 2025-09-01T16:24:07: 
> upstream-nextjs@0.1.0 start
> next start

2025-09-01T16:24:07: 2025-09-01T16:24:07: 
> upstream-nextjs@0.1.0 start
> next start

2025-09-01T16:24:08: 2025-09-01T16:24:08: 
> upstream-nextjs@0.1.0 start
> next start

2025-09-01T16:24:09: 2025-09-01T16:24:09: 
> upstream-nextjs@0.1.0 start
> next start

2025-09-01T16:24:09: 2025-09-01T16:24:10: 
> upstream-nextjs@0.1.0 start
> next start

2025-09-01T16:24:10: 2025-09-01T16:24:10: 
> upstream-nextjs@0.1.0 start
> next start

2025-09-01T16:24:11: 2025-09-01T16:24:11: 
> upstream-nextjs@0.1.0 start
> next start

2025-09-01T16:24:12: 2025-09-01T16:24:12: 
> upstream-nextjs@0.1.0 start
> next start

2025-09-01T16:24:12: 2025-09-01T16:24:13: 
> upstream-nextjs@0.1.0 start
> next start

2025-09-01T16:24:13: 2025-09-01T16:24:13: 
> upstream-nextjs@0.1.0 start
> next start

2025-09-01T16:24:14: 2025-09-01T16:24:14: 
> upstream-nextjs@0.1.0 start
> next start

2025-09-01T16:24:15: 2025-09-01T16:24:15: 
> upstream-nextjs@0.1.0 start
> next start

2025-09-01T16:24:15: 2025-09-01T16:24:15: 2025-09-01T16:24:16: 
> upstream-nextjs@0.1.0 start
> next start

2025-09-01T16:24:16: 2025-09-01T16:24:17: 
> upstream-nextjs@0.1.0 start
> next start

2025-09-01T16:24:17: 2025-09-01T16:24:17: 
> upstream-nextjs@0.1.0 start
> next start

2025-09-01T16:24:18: 2025-09-01T16:25:17: 
> upstream-nextjs@0.1.0 start
> next start

2025-09-01T16:25:17: 2025-09-01T16:25:18: 
> upstream-nextjs@0.1.0 start
> next start

2025-09-01T16:25:18: 2025-09-01T16:25:19: 
> upstream-nextjs@0.1.0 start
> next start

2025-09-01T16:25:19: 2025-09-01T16:25:19: 
> upstream-nextjs@0.1.0 start
> next start

2025-09-01T16:25:20: 2025-09-01T16:25:20: 
> upstream-nextjs@0.1.0 start
> next start

2025-09-01T16:25:21: 2025-09-01T16:25:21: 
> upstream-nextjs@0.1.0 start
> next start

2025-09-01T16:25:21: 2025-09-01T16:25:22: 
> upstream-nextjs@0.1.0 start
> next start

2025-09-01T16:25:22: 2025-09-01T16:25:23: 
> upstream-nextjs@0.1.0 start
> next start

2025-09-01T16:25:23: 2025-09-01T16:25:23: 
> upstream-nextjs@0.1.0 start
> next start

2025-09-01T16:25:24: 2025-09-01T16:25:24: 
> upstream-nextjs@0.1.0 start
> next start

2025-09-01T16:25:25: 2025-09-01T16:25:25: 
> upstream-nextjs@0.1.0 start
> next start

2025-09-01T16:25:25: 2025-09-01T16:25:26: 
> upstream-nextjs@0.1.0 start
> next start

2025-09-01T16:25:26: 2025-09-01T16:25:26: 
> upstream-nextjs@0.1.0 start
> next start

2025-09-01T16:25:27: 2025-09-01T16:25:27: 
> upstream-nextjs@0.1.0 start
> next start

2025-09-01T16:25:28: 2025-09-01T16:25:28: 
> upstream-nextjs@0.1.0 start
> next start

2025-09-01T16:25:28: 2025-09-01T16:25:29: 
> upstream-nextjs@0.1.0 start
> next start

2025-09-01T16:25:29: 